<?xml version="1.0" encoding="UTF-8"?>
<testsuite xmlns:xsi="http://www.w3.org/2001/XMLSchema-instance" xsi:noNamespaceSchemaLocation="https://maven.apache.org/surefire/maven-surefire-plugin/xsd/surefire-test-report-3.0.xsd" version="3.0" name="stepsDef.TestRunner" time="0.229" tests="3" errors="0" skipped="0" failures="0">
  <properties>
[...]
</properties>
  <testcase name="Successful login with valid credentials #1" classname="Login functionality on SauceDemo" time="0.053">
    <system-out><![CDATA[
@RunAll @Sanity
Scenario Outline: Successful login with valid credentials         &amp#27;[90m# src/test/resources/features/Login.feature:13&amp#27;[0m
  &amp#27;[32mGiven &amp#27;[0m&amp#27;[32mthe user is on the SauceDemo login page&amp#27;[0m                   &amp#27;[90m# stepsDef.LoginSteps.the_user_is_on_the_sauce_demo_login_page()&amp#27;[0m
  &amp#27;[32mWhen &amp#27;[0m&amp#27;[32mthe user enters a valid &amp#27;[0m&amp#27;[32m&amp#27;[1m"standard_user"&amp#27;[0m&amp#27;[32m and &amp#27;[0m&amp#27;[32m&amp#27;[1m"secret_sauce"&amp#27;[0m &amp#27;[90m# stepsDef.LoginSteps.the_user_enters_a_valid_credentials(java.lang.String,java.lang.String)&amp#27;[0m
  &amp#27;[32mAnd &amp#27;[0m&amp#27;[32mclicks the login button&amp#27;[0m                                     &amp#27;[90m# stepsDef.LoginSteps.clicks_the_login_button()&amp#27;[0m
  &amp#27;[32mThen &amp#27;[0m&amp#27;[32mthe user should be redirected to the &amp#27;[0m&amp#27;[32m&amp#27;[1m"inventory.html"&amp#27;[0m      &amp#27;[90m# stepsDef.LoginSteps.the_user_should_be_redirected_to_the(java.lang.String)&amp#27;[0m
]]></system-out>
  </testcase>
  <testcase name="Successful login with valid credentials #2" classname="Login functionality on SauceDemo" time="0.016">
    <system-out><![CDATA[
@RunAll @Sanity
Scenario Outline: Successful login with valid credentials            &amp#27;[90m# src/test/resources/features/Login.feature:14&amp#27;[0m
  &amp#27;[32mGiven &amp#27;[0m&amp#27;[32mthe user is on the SauceDemo login page&amp#27;[0m                      &amp#27;[90m# stepsDef.LoginSteps.the_user_is_on_the_sauce_demo_login_page()&amp#27;[0m
  &amp#27;[32mWhen &amp#27;[0m&amp#27;[32mthe user enters a valid &amp#27;[0m&amp#27;[32m&amp#27;[1m"locked_out_user"&amp#27;[0m&amp#27;[32m and &amp#27;[0m&amp#27;[32m&amp#27;[1m"secret_sauce1"&amp#27;[0m &amp#27;[90m# stepsDef.LoginSteps.the_user_enters_a_valid_credentials(java.lang.String,java.lang.String)&amp#27;[0m
  &amp#27;[32mAnd &amp#27;[0m&amp#27;[32mclicks the login button&amp#27;[0m                                        &amp#27;[90m# stepsDef.LoginSteps.clicks_the_login_button()&amp#27;[0m
  &amp#27;[32mThen &amp#27;[0m&amp#27;[32mthe user should be redirected to the &amp#27;[0m&amp#27;[32m&amp#27;[1m"error.html"&amp#27;[0m             &amp#27;[90m# stepsDef.LoginSteps.the_user_should_be_redirected_to_the(java.lang.String)&amp#27;[0m
]]></system-out>
  </testcase>
  <testcase name="Successful login with valid credentials #3" classname="Login functionality on SauceDemo" time="0.0">
    <system-out><![CDATA[
@RunAll @Sanity
Scenario Outline: Successful login with valid credentials         &amp#27;[90m# src/test/resources/features/Login.feature:15&amp#27;[0m
  &amp#27;[32mGiven &amp#27;[0m&amp#27;[32mthe user is on the SauceDemo login page&amp#27;[0m                   &amp#27;[90m# stepsDef.LoginSteps.the_user_is_on_the_sauce_demo_login_page()&amp#27;[0m
  &amp#27;[32mWhen &amp#27;[0m&amp#27;[32mthe user enters a valid &amp#27;[0m&amp#27;[32m&amp#27;[1m"problem_user2"&amp#27;[0m&amp#27;[32m and &amp#27;[0m&amp#27;[32m&amp#27;[1m"secret_sauce"&amp#27;[0m &amp#27;[90m# stepsDef.LoginSteps.the_user_enters_a_valid_credentials(java.lang.String,java.lang.String)&amp#27;[0m
  &amp#27;[32mAnd &amp#27;[0m&amp#27;[32mclicks the login button&amp#27;[0m                                     &amp#27;[90m# stepsDef.LoginSteps.clicks_the_login_button()&amp#27;[0m
  &amp#27;[32mThen &amp#27;[0m&amp#27;[32mthe user should be redirected to the &amp#27;[0m&amp#27;[32m&amp#27;[1m"inventory.html"&amp#27;[0m      &amp#27;[90m# stepsDef.LoginSteps.the_user_should_be_redirected_to_the(java.lang.String)&amp#27;[0m
]]></system-out>
  </testcase>
</testsuite>